[2019-04-16 10:02:25.649] [DEBUG] FabricConfiguration - Msp ID : Org1MSP
[2019-04-16 10:02:25.668] [DEBUG] FabricConfiguration - Msp ID : Org1MSP
[2019-04-16 10:02:25.761] [INFO] main - Please set logger.setLevel to DEBUG in ./app/helper.js to log the debugging.
[2019-04-16 10:02:25.761] [INFO] main - Please set logger.setLevel to DEBUG in ./app/helper.js to log the debugging.
[2019-04-16 10:02:25.893] [DEBUG] Query - <<< Instantiated Chaincodes >>>
[2019-04-16 10:02:25.893] [DEBUG] Query - name: defaultcc, version: v1, path: chaincode
[2019-04-16 10:02:25.908] [DEBUG] Query - ===========================================
[2019-04-16 10:02:25.908] [DEBUG] Query - ByteBuffer {
  buffer: <Buffer 08 02 12 20 58 67 cb 95 3f 78 d9 6f fc 36 bc 9e 89 8a d1 a2 e6 d7 ab f2 7c de 6c 29 df 50 ad 96 ce 4b 6b 7e 1a 20 f9 e5 d8 31 e0 e2 3f e2 7d cf 92 5e ... >,
  offset: 4,
  markedOffset: -1,
  limit: 36,
  littleEndian: true,
  noAssert: false }
[2019-04-16 10:02:25.912] [DEBUG] Query - ===========================================
[2019-04-16 10:02:25.929] [DEBUG] Query - ===========================================
[2019-04-16 10:02:25.929] [DEBUG] Query - ByteBuffer {
  buffer: <Buffer 08 02 12 20 58 67 cb 95 3f 78 d9 6f fc 36 bc 9e 89 8a d1 a2 e6 d7 ab f2 7c de 6c 29 df 50 ad 96 ce 4b 6b 7e 1a 20 f9 e5 d8 31 e0 e2 3f e2 7d cf 92 5e ... >,
  offset: 4,
  markedOffset: -1,
  limit: 36,
  littleEndian: true,
  noAssert: false }
[2019-04-16 10:02:25.930] [DEBUG] Query - ===========================================
[2019-04-16 10:05:10.567] [DEBUG] platform - GetStatus All! [ { status: 'RUNNING', server_hostname: 'peer0.org1.example.com' } ]
